Flow report for HA
Sun Oct 06 17:38:01 2013
Quartus II Version 11.0 Build 208 07/03/2011 Service Pack 1 SJ Web Edition


---------------------
; Table of Contents ;
---------------------
  1. Legal Notice
  2. Flow Summary
  3. Flow Settings
  4. Flow Non-Default Global Settings
  5. Flow Elapsed Time
  6. Flow OS Summary
  7. Flow Log



----------------
; Legal Notice ;
----------------
Copyright (C) 1991-2011 Altera Corporation
Your use of Altera Corporation's design tools, logic functions 
and other software and tools, and its AMPP partner logic 
functions, and any output files from any of the foregoing 
(including device programming or simulation files), and any 
associated documentation or information are expressly subject 
to the terms and conditions of the Altera Program License 
Subscription Agreement, Altera MegaCore Function License 
Agreement, or other applicable license agreement, including, 
without limitation, that your use is for the sole purpose of 
programming logic devices manufactured by Altera and sold by 
Altera or its authorized distributors.  Please refer to the 
applicable agreement for further details.



+------------------------------------------------------------------------------------+
; Flow Summary                                                                       ;
+------------------------------------+-----------------------------------------------+
; Flow Status                        ; Successful - Sun Oct 06 17:38:01 2013         ;
; Quartus II Version                 ; 11.0 Build 208 07/03/2011 SP 1 SJ Web Edition ;
; Revision Name                      ; HA                                            ;
; Top-level Entity Name              ; fa                                            ;
; Family                             ; Cyclone II                                    ;
; Total logic elements               ; 2 / 4,608 ( < 1 % )                           ;
;     Total combinational functions  ; 2 / 4,608 ( < 1 % )                           ;
;     Dedicated logic registers      ; 0 / 4,608 ( 0 % )                             ;
; Total registers                    ; 0                                             ;
; Total pins                         ; 5 / 89 ( 6 % )                                ;
; Total virtual pins                 ; 0                                             ;
; Total memory bits                  ; 0 / 119,808 ( 0 % )                           ;
; Embedded Multiplier 9-bit elements ; 0 / 26 ( 0 % )                                ;
; Total PLLs                         ; 0 / 2 ( 0 % )                                 ;
; Device                             ; EP2C5T144C6                                   ;
; Timing Models                      ; Final                                         ;
+------------------------------------+-----------------------------------------------+


+-----------------------------------------+
; Flow Settings                           ;
+-------------------+---------------------+
; Option            ; Setting             ;
+-------------------+---------------------+
; Start date & time ; 10/06/2013 17:37:56 ;
; Main task         ; Compilation         ;
; Revision Name     ; HA                  ;
+-------------------+---------------------+


+------------------------------------------------------------------------------------------------------------------+
; Flow Non-Default Global Settings                                                                                 ;
+-------------------------------------+---------------------------------+---------------+-------------+------------+
; Assignment Name                     ; Value                           ; Default Value ; Entity Name ; Section Id ;
+-------------------------------------+---------------------------------+---------------+-------------+------------+
; COMPILER_SIGNATURE_ID               ; 268749069550234.138106847603736 ; --            ; --          ; --         ;
; PARTITION_COLOR                     ; 16764057                        ; --            ; fa          ; Top        ;
; PARTITION_FITTER_PRESERVATION_LEVEL ; PLACEMENT_AND_ROUTING           ; --            ; fa          ; Top        ;
; PARTITION_NETLIST_TYPE              ; SOURCE                          ; --            ; fa          ; Top        ;
; TOP_LEVEL_ENTITY                    ; fa                              ; HA            ; --          ; --         ;
+-------------------------------------+---------------------------------+---------------+-------------+------------+


+-------------------------------------------------------------------------------------------------------------------------------+
; Flow Elapsed Time                                                                                                             ;
+---------------------------+--------------+-------------------------+---------------------+------------------------------------+
; Module Name               ; Elapsed Time ; Average Processors Used ; Peak Virtual Memory ; Total CPU Time (on all processors) ;
+---------------------------+--------------+-------------------------+---------------------+------------------------------------+
; Analysis & Synthesis      ; 00:00:00     ; 1.0                     ; 237 MB              ; 00:00:01                           ;
; Fitter                    ; 00:00:02     ; 1.0                     ; 271 MB              ; 00:00:02                           ;
; TimeQuest Timing Analyzer ; 00:00:01     ; 1.0                     ; 215 MB              ; 00:00:01                           ;
; Assembler                 ; 00:00:01     ; 1.0                     ; 221 MB              ; 00:00:01                           ;
; Total                     ; 00:00:03     ; --                      ; --                  ; 00:00:04                           ;
+---------------------------+--------------+-------------------------+---------------------+------------------------------------+


+----------------------------------------------------------------------------------------+
; Flow OS Summary                                                                        ;
+---------------------------+------------------+-----------+------------+----------------+
; Module Name               ; Machine Hostname ; OS Name   ; OS Version ; Processor type ;
+---------------------------+------------------+-----------+------------+----------------+
; Analysis & Synthesis      ; DLDLAB-04        ; Windows 7 ; 6.1        ; i1686          ;
; Fitter                    ; DLDLAB-04        ; Windows 7 ; 6.1        ; i1686          ;
; Assembler                 ; DLDLAB-04        ; Windows 7 ; 6.1        ; i1686          ;
; TimeQuest Timing Analyzer ; DLDLAB-04        ; Windows 7 ; 6.1        ; i1686          ;
+---------------------------+------------------+-----------+------------+----------------+


------------
; Flow Log ;
------------
quartus_map --read_settings_files=on --write_settings_files=off HA -c HA
quartus_fit --read_settings_files=off --write_settings_files=off HA -c HA
quartus_asm --read_settings_files=off --write_settings_files=off HA -c HA
quartus_sta HA -c HA



