Flow report for final
Sun Dec 22 15:33:44 2013
Quartus II Version 11.0 Build 208 07/03/2011 Service Pack 1 SJ Web Edition


---------------------
; Table of Contents ;
---------------------
  1. Legal Notice
  2. Flow Summary
  3. Flow Settings
  4. Flow Non-Default Global Settings
  5. Flow Elapsed Time
  6. Flow OS Summary
  7. Flow Log



----------------
; Legal Notice ;
----------------
Copyright (C) 1991-2011 Altera Corporation
Your use of Altera Corporation's design tools, logic functions 
and other software and tools, and its AMPP partner logic 
functions, and any output files from any of the foregoing 
(including device programming or simulation files), and any 
associated documentation or information are expressly subject 
to the terms and conditions of the Altera Program License 
Subscription Agreement, Altera MegaCore Function License 
Agreement, or other applicable license agreement, including, 
without limitation, that your use is for the sole purpose of 
programming logic devices manufactured by Altera and sold by 
Altera or its authorized distributors.  Please refer to the 
applicable agreement for further details.



+------------------------------------------------------------------------------------+
; Flow Summary                                                                       ;
+------------------------------------+-----------------------------------------------+
; Flow Status                        ; Successful - Sun Dec 22 15:33:41 2013         ;
; Quartus II Version                 ; 11.0 Build 208 07/03/2011 SP 1 SJ Web Edition ;
; Revision Name                      ; final                                         ;
; Top-level Entity Name              ; final_module                                  ;
; Family                             ; Cyclone IV E                                  ;
; Device                             ; EP4CE22F17C6                                  ;
; Timing Models                      ; Final                                         ;
; Total logic elements               ; 466 / 22,320 ( 2 % )                          ;
;     Total combinational functions  ; 437 / 22,320 ( 2 % )                          ;
;     Dedicated logic registers      ; 185 / 22,320 ( < 1 % )                        ;
; Total registers                    ; 185                                           ;
; Total pins                         ; 23 / 154 ( 15 % )                             ;
; Total virtual pins                 ; 0                                             ;
; Total memory bits                  ; 8,192 / 608,256 ( 1 % )                       ;
; Embedded Multiplier 9-bit elements ; 0 / 132 ( 0 % )                               ;
; Total PLLs                         ; 0 / 4 ( 0 % )                                 ;
+------------------------------------+-----------------------------------------------+


+-----------------------------------------+
; Flow Settings                           ;
+-------------------+---------------------+
; Option            ; Setting             ;
+-------------------+---------------------+
; Start date & time ; 12/22/2013 15:33:26 ;
; Main task         ; Compilation         ;
; Revision Name     ; final               ;
+-------------------+---------------------+


+-------------------------------------------------------------------------------------------------------------------+
; Flow Non-Default Global Settings                                                                                  ;
+-------------------------------------+---------------------------------+---------------+--------------+------------+
; Assignment Name                     ; Value                           ; Default Value ; Entity Name  ; Section Id ;
+-------------------------------------+---------------------------------+---------------+--------------+------------+
; COMPILER_SIGNATURE_ID               ; 268749069549891.138771380603424 ; --            ; --           ; --         ;
; IP_TOOL_NAME                        ; RAM: 2-PORT                     ; --            ; --           ; --         ;
; IP_TOOL_VERSION                     ; 11.0                            ; --            ; --           ; --         ;
; MAX_CORE_JUNCTION_TEMP              ; 85                              ; --            ; --           ; --         ;
; MIN_CORE_JUNCTION_TEMP              ; 0                               ; --            ; --           ; --         ;
; MISC_FILE                           ; storage_mem_bb.v                ; --            ; --           ; --         ;
; PARTITION_COLOR                     ; 16764057                        ; --            ; final_module ; Top        ;
; PARTITION_FITTER_PRESERVATION_LEVEL ; PLACEMENT_AND_ROUTING           ; --            ; final_module ; Top        ;
; PARTITION_NETLIST_TYPE              ; SOURCE                          ; --            ; final_module ; Top        ;
; TOP_LEVEL_ENTITY                    ; final_module                    ; final         ; --           ; --         ;
+-------------------------------------+---------------------------------+---------------+--------------+------------+


+-------------------------------------------------------------------------------------------------------------------------------+
; Flow Elapsed Time                                                                                                             ;
+---------------------------+--------------+-------------------------+---------------------+------------------------------------+
; Module Name               ; Elapsed Time ; Average Processors Used ; Peak Virtual Memory ; Total CPU Time (on all processors) ;
+---------------------------+--------------+-------------------------+---------------------+------------------------------------+
; Analysis & Synthesis      ; 00:00:03     ; 1.0                     ; 256 MB              ; 00:00:02                           ;
; Fitter                    ; 00:00:09     ; 1.0                     ; 342 MB              ; 00:00:09                           ;
; Assembler                 ; 00:00:02     ; 1.0                     ; 262 MB              ; 00:00:02                           ;
; TimeQuest Timing Analyzer ; 00:00:04     ; 1.0                     ; 269 MB              ; 00:00:04                           ;
; Total                     ; 00:00:18     ; --                      ; --                  ; 00:00:17                           ;
+---------------------------+--------------+-------------------------+---------------------+------------------------------------+


+----------------------------------------------------------------------------------------+
; Flow OS Summary                                                                        ;
+---------------------------+------------------+-----------+------------+----------------+
; Module Name               ; Machine Hostname ; OS Name   ; OS Version ; Processor type ;
+---------------------------+------------------+-----------+------------+----------------+
; Analysis & Synthesis      ; DLDLAB-08        ; Windows 7 ; 6.1        ; i1686          ;
; Fitter                    ; DLDLAB-08        ; Windows 7 ; 6.1        ; i1686          ;
; Assembler                 ; DLDLAB-08        ; Windows 7 ; 6.1        ; i1686          ;
; TimeQuest Timing Analyzer ; DLDLAB-08        ; Windows 7 ; 6.1        ; i1686          ;
+---------------------------+------------------+-----------+------------+----------------+


------------
; Flow Log ;
------------
quartus_map --read_settings_files=on --write_settings_files=off final -c final
quartus_fit --read_settings_files=off --write_settings_files=off final -c final
quartus_asm --read_settings_files=off --write_settings_files=off final -c final
quartus_sta final -c final



