Analysis & Synthesis report for VGA
Fri Dec 06 16:26:46 2013
Quartus II 64-Bit Version 13.0.1 Build 232 06/12/2013 Service Pack 1 SJ Web Edition


---------------------
; Table of Contents ;
---------------------
  1. Legal Notice
  2. Analysis & Synthesis Summary
  3. Analysis & Synthesis Settings
  4. Parallel Compilation
  5. Analysis & Synthesis Source Files Read
  6. Analysis & Synthesis Resource Usage Summary
  7. Analysis & Synthesis Resource Utilization by Entity
  8. Analysis & Synthesis RAM Summary
  9. Analysis & Synthesis IP Cores Summary
 10. Registers Removed During Synthesis
 11. General Register Statistics
 12. Inverted Register Statistics
 13. Multiplexer Restructuring Statistics (Restructuring Performed)
 14. Source assignments for asghar:img_mem|altsyncram:altsyncram_component|altsyncram_43c1:auto_generated
 15. Parameter Settings for User Entity Instance: asghar:img_mem|altsyncram:altsyncram_component
 16. Parameter Settings for User Entity Instance: RGB_GEN:rgen
 17. altsyncram Parameter Settings by Entity Instance
 18. Elapsed Time Per Partition
 19. Analysis & Synthesis Messages



----------------
; Legal Notice ;
----------------
Copyright (C) 1991-2013 Altera Corporation
Your use of Altera Corporation's design tools, logic functions 
and other software and tools, and its AMPP partner logic 
functions, and any output files from any of the foregoing 
(including device programming or simulation files), and any 
associated documentation or information are expressly subject 
to the terms and conditions of the Altera Program License 
Subscription Agreement, Altera MegaCore Function License 
Agreement, or other applicable license agreement, including, 
without limitation, that your use is for the sole purpose of 
programming logic devices manufactured by Altera and sold by 
Altera or its authorized distributors.  Please refer to the 
applicable agreement for further details.



+--------------------------------------------------------------------------------------+
; Analysis & Synthesis Summary                                                         ;
+------------------------------------+-------------------------------------------------+
; Analysis & Synthesis Status        ; Successful - Fri Dec 06 16:26:45 2013           ;
; Quartus II 64-Bit Version          ; 13.0.1 Build 232 06/12/2013 SP 1 SJ Web Edition ;
; Revision Name                      ; VGA                                             ;
; Top-level Entity Name              ; VGA                                             ;
; Family                             ; Cyclone IV E                                    ;
; Total logic elements               ; 417                                             ;
;     Total combinational functions  ; 417                                             ;
;     Dedicated logic registers      ; 32                                              ;
; Total registers                    ; 32                                              ;
; Total pins                         ; 14                                              ;
; Total virtual pins                 ; 0                                               ;
; Total memory bits                  ; 98,304                                          ;
; Embedded Multiplier 9-bit elements ; 0                                               ;
; Total PLLs                         ; 0                                               ;
+------------------------------------+-------------------------------------------------+


+----------------------------------------------------------------------------------------------------------------------+
; Analysis & Synthesis Settings                                                                                        ;
+----------------------------------------------------------------------------+--------------------+--------------------+
; Option                                                                     ; Setting            ; Default Value      ;
+----------------------------------------------------------------------------+--------------------+--------------------+
; Device                                                                     ; EP4CE22F17C6       ;                    ;
; Top-level entity name                                                      ; VGA                ; VGA                ;
; Family name                                                                ; Cyclone IV E       ; Cyclone IV GX      ;
; Use smart compilation                                                      ; Off                ; Off                ;
; Enable parallel Assembler and TimeQuest Timing Analyzer during compilation ; On                 ; On                 ;
; Enable compact report table                                                ; Off                ; Off                ;
; Restructure Multiplexers                                                   ; Auto               ; Auto               ;
; Create Debugging Nodes for IP Cores                                        ; Off                ; Off                ;
; Preserve fewer node names                                                  ; On                 ; On                 ;
; Disable OpenCore Plus hardware evaluation                                  ; Off                ; Off                ;
; Verilog Version                                                            ; Verilog_2001       ; Verilog_2001       ;
; VHDL Version                                                               ; VHDL_1993          ; VHDL_1993          ;
; State Machine Processing                                                   ; Auto               ; Auto               ;
; Safe State Machine                                                         ; Off                ; Off                ;
; Extract Verilog State Machines                                             ; On                 ; On                 ;
; Extract VHDL State Machines                                                ; On                 ; On                 ;
; Ignore Verilog initial constructs                                          ; Off                ; Off                ;
; Iteration limit for constant Verilog loops                                 ; 5000               ; 5000               ;
; Iteration limit for non-constant Verilog loops                             ; 250                ; 250                ;
; Add Pass-Through Logic to Inferred RAMs                                    ; On                 ; On                 ;
; Infer RAMs from Raw Logic                                                  ; On                 ; On                 ;
; Parallel Synthesis                                                         ; On                 ; On                 ;
; DSP Block Balancing                                                        ; Auto               ; Auto               ;
; NOT Gate Push-Back                                                         ; On                 ; On                 ;
; Power-Up Don't Care                                                        ; On                 ; On                 ;
; Remove Redundant Logic Cells                                               ; Off                ; Off                ;
; Remove Duplicate Registers                                                 ; On                 ; On                 ;
; Ignore CARRY Buffers                                                       ; Off                ; Off                ;
; Ignore CASCADE Buffers                                                     ; Off                ; Off                ;
; Ignore GLOBAL Buffers                                                      ; Off                ; Off                ;
; Ignore ROW GLOBAL Buffers                                                  ; Off                ; Off                ;
; Ignore LCELL Buffers                                                       ; Off                ; Off                ;
; Ignore SOFT Buffers                                                        ; On                 ; On                 ;
; Limit AHDL Integers to 32 Bits                                             ; Off                ; Off                ;
; Optimization Technique                                                     ; Balanced           ; Balanced           ;
; Carry Chain Length                                                         ; 70                 ; 70                 ;
; Auto Carry Chains                                                          ; On                 ; On                 ;
; Auto Open-Drain Pins                                                       ; On                 ; On                 ;
; Perform WYSIWYG Primitive Resynthesis                                      ; Off                ; Off                ;
; Auto ROM Replacement                                                       ; On                 ; On                 ;
; Auto RAM Replacement                                                       ; On                 ; On                 ;
; Auto DSP Block Replacement                                                 ; On                 ; On                 ;
; Auto Shift Register Replacement                                            ; Auto               ; Auto               ;
; Allow Shift Register Merging across Hierarchies                            ; Auto               ; Auto               ;
; Auto Clock Enable Replacement                                              ; On                 ; On                 ;
; Strict RAM Replacement                                                     ; Off                ; Off                ;
; Allow Synchronous Control Signals                                          ; On                 ; On                 ;
; Force Use of Synchronous Clear Signals                                     ; Off                ; Off                ;
; Auto RAM Block Balancing                                                   ; On                 ; On                 ;
; Auto RAM to Logic Cell Conversion                                          ; Off                ; Off                ;
; Auto Resource Sharing                                                      ; Off                ; Off                ;
; Allow Any RAM Size For Recognition                                         ; Off                ; Off                ;
; Allow Any ROM Size For Recognition                                         ; Off                ; Off                ;
; Allow Any Shift Register Size For Recognition                              ; Off                ; Off                ;
; Use LogicLock Constraints during Resource Balancing                        ; On                 ; On                 ;
; Ignore translate_off and synthesis_off directives                          ; Off                ; Off                ;
; Timing-Driven Synthesis                                                    ; On                 ; On                 ;
; Report Parameter Settings                                                  ; On                 ; On                 ;
; Report Source Assignments                                                  ; On                 ; On                 ;
; Report Connectivity Checks                                                 ; On                 ; On                 ;
; Ignore Maximum Fan-Out Assignments                                         ; Off                ; Off                ;
; Synchronization Register Chain Length                                      ; 2                  ; 2                  ;
; PowerPlay Power Optimization                                               ; Normal compilation ; Normal compilation ;
; HDL message level                                                          ; Level2             ; Level2             ;
; Suppress Register Optimization Related Messages                            ; Off                ; Off                ;
; Number of Removed Registers Reported in Synthesis Report                   ; 5000               ; 5000               ;
; Number of Swept Nodes Reported in Synthesis Report                         ; 5000               ; 5000               ;
; Number of Inverted Registers Reported in Synthesis Report                  ; 100                ; 100                ;
; Clock MUX Protection                                                       ; On                 ; On                 ;
; Auto Gated Clock Conversion                                                ; Off                ; Off                ;
; Block Design Naming                                                        ; Auto               ; Auto               ;
; SDC constraint protection                                                  ; Off                ; Off                ;
; Synthesis Effort                                                           ; Auto               ; Auto               ;
; Shift Register Replacement - Allow Asynchronous Clear Signal               ; On                 ; On                 ;
; Pre-Mapping Resynthesis Optimization                                       ; Off                ; Off                ;
; Analysis & Synthesis Message Level                                         ; Medium             ; Medium             ;
; Disable Register Merging Across Hierarchies                                ; Auto               ; Auto               ;
; Resource Aware Inference For Block RAM                                     ; On                 ; On                 ;
; Synthesis Seed                                                             ; 1                  ; 1                  ;
+----------------------------------------------------------------------------+--------------------+--------------------+


+------------------------------------------+
; Parallel Compilation                     ;
+----------------------------+-------------+
; Processors                 ; Number      ;
+----------------------------+-------------+
; Number detected on machine ; 4           ;
; Maximum allowed            ; 2           ;
;                            ;             ;
; Average used               ; 1.00        ;
; Maximum used               ; 1           ;
;                            ;             ;
; Usage by Processor         ; % Time Used ;
;     Processor 1            ; 100.0%      ;
;     Processors 2-4         ;   0.0%      ;
+----------------------------+-------------+


+---------------------------------------------------------------------------------------------------------------------------------------------------------------------------+
; Analysis & Synthesis Source Files Read                                                                                                                                    ;
+----------------------------------+-----------------+----------------------------------+-------------------------------------------------------------------------+---------+
; File Name with User-Entered Path ; Used in Netlist ; File Type                        ; File Name with Absolute Path                                            ; Library ;
+----------------------------------+-----------------+----------------------------------+-------------------------------------------------------------------------+---------+
; picture.mif                      ; yes             ; User Memory Initialization File  ; D:/7th Term/DLD Lab/Experiment 4/lab4/picture.mif                       ;         ;
; font_rom.vhd                     ; yes             ; User VHDL File                   ; D:/7th Term/DLD Lab/Experiment 4/lab4/font_rom.vhd                      ;         ;
; VGA.v                            ; yes             ; User Verilog HDL File            ; D:/7th Term/DLD Lab/Experiment 4/lab4/VGA.v                             ;         ;
; VGA controller.v                 ; yes             ; User Verilog HDL File            ; D:/7th Term/DLD Lab/Experiment 4/lab4/VGA controller.v                  ;         ;
; RGB_GEN.v                        ; yes             ; User Verilog HDL File            ; D:/7th Term/DLD Lab/Experiment 4/lab4/RGB_GEN.v                         ;         ;
; asghar.v                         ; yes             ; User Wizard-Generated File       ; D:/7th Term/DLD Lab/Experiment 4/lab4/asghar.v                          ;         ;
; altsyncram.tdf                   ; yes             ; Megafunction                     ; c:/altera/13.0sp1/quartus/libraries/megafunctions/altsyncram.tdf        ;         ;
; stratix_ram_block.inc            ; yes             ; Megafunction                     ; c:/altera/13.0sp1/quartus/libraries/megafunctions/stratix_ram_block.inc ;         ;
; lpm_mux.inc                      ; yes             ; Megafunction                     ; c:/altera/13.0sp1/quartus/libraries/megafunctions/lpm_mux.inc           ;         ;
; lpm_decode.inc                   ; yes             ; Megafunction                     ; c:/altera/13.0sp1/quartus/libraries/megafunctions/lpm_decode.inc        ;         ;
; aglobal130.inc                   ; yes             ; Megafunction                     ; c:/altera/13.0sp1/quartus/libraries/megafunctions/aglobal130.inc        ;         ;
; a_rdenreg.inc                    ; yes             ; Megafunction                     ; c:/altera/13.0sp1/quartus/libraries/megafunctions/a_rdenreg.inc         ;         ;
; altrom.inc                       ; yes             ; Megafunction                     ; c:/altera/13.0sp1/quartus/libraries/megafunctions/altrom.inc            ;         ;
; altram.inc                       ; yes             ; Megafunction                     ; c:/altera/13.0sp1/quartus/libraries/megafunctions/altram.inc            ;         ;
; altdpram.inc                     ; yes             ; Megafunction                     ; c:/altera/13.0sp1/quartus/libraries/megafunctions/altdpram.inc          ;         ;
; db/altsyncram_43c1.tdf           ; yes             ; Auto-Generated Megafunction      ; D:/7th Term/DLD Lab/Experiment 4/lab4/db/altsyncram_43c1.tdf            ;         ;
; db/decode_f8a.tdf                ; yes             ; Auto-Generated Megafunction      ; D:/7th Term/DLD Lab/Experiment 4/lab4/db/decode_f8a.tdf                 ;         ;
; db/mux_1nb.tdf                   ; yes             ; Auto-Generated Megafunction      ; D:/7th Term/DLD Lab/Experiment 4/lab4/db/mux_1nb.tdf                    ;         ;
+----------------------------------+-----------------+----------------------------------+-------------------------------------------------------------------------+---------+


+---------------------------------------------------------------------------+
; Analysis & Synthesis Resource Usage Summary                               ;
+---------------------------------------------+-----------------------------+
; Resource                                    ; Usage                       ;
+---------------------------------------------+-----------------------------+
; Estimated Total logic elements              ; 417                         ;
;                                             ;                             ;
; Total combinational functions               ; 417                         ;
; Logic element usage by number of LUT inputs ;                             ;
;     -- 4 input functions                    ; 297                         ;
;     -- 3 input functions                    ; 59                          ;
;     -- <=2 input functions                  ; 61                          ;
;                                             ;                             ;
; Logic elements by mode                      ;                             ;
;     -- normal mode                          ; 372                         ;
;     -- arithmetic mode                      ; 45                          ;
;                                             ;                             ;
; Total registers                             ; 32                          ;
;     -- Dedicated logic registers            ; 32                          ;
;     -- I/O registers                        ; 0                           ;
;                                             ;                             ;
; I/O pins                                    ; 14                          ;
; Total memory bits                           ; 98304                       ;
; Embedded Multiplier 9-bit elements          ; 0                           ;
; Maximum fan-out node                        ; font_rom:comb_4|addr_reg[7] ;
; Maximum fan-out                             ; 107                         ;
; Total fan-out                               ; 1763                        ;
; Average fan-out                             ; 3.61                        ;
+---------------------------------------------+-----------------------------+


+----------------------------------------------------------------------------------------------------------------------------------------------------------------------------------------------------------------------------------------------------------------------------------+
; Analysis & Synthesis Resource Utilization by Entity                                                                                                                                                                                                                              ;
+-------------------------------------------+-------------------+--------------+-------------+--------------+---------+-----------+------+--------------+-----------------------------------------------------------------------------------------------------------+--------------+
; Compilation Hierarchy Node                ; LC Combinationals ; LC Registers ; Memory Bits ; DSP Elements ; DSP 9x9 ; DSP 18x18 ; Pins ; Virtual Pins ; Full Hierarchy Name                                                                                       ; Library Name ;
+-------------------------------------------+-------------------+--------------+-------------+--------------+---------+-----------+------+--------------+-----------------------------------------------------------------------------------------------------------+--------------+
; |VGA                                      ; 417 (0)           ; 32 (0)       ; 98304       ; 0            ; 0       ; 0         ; 14   ; 0            ; |VGA                                                                                                      ; work         ;
;    |RGB_GEN:rgen|                         ; 342 (342)         ; 0 (0)        ; 0           ; 0            ; 0       ; 0         ; 0    ; 0            ; |VGA|RGB_GEN:rgen                                                                                         ; work         ;
;    |VGA_CTRL:ins1|                        ; 65 (65)           ; 21 (21)      ; 0           ; 0            ; 0       ; 0         ; 0    ; 0            ; |VGA|VGA_CTRL:ins1                                                                                        ; work         ;
;    |asghar:img_mem|                       ; 10 (0)            ; 2 (0)        ; 98304       ; 0            ; 0       ; 0         ; 0    ; 0            ; |VGA|asghar:img_mem                                                                                       ; work         ;
;       |altsyncram:altsyncram_component|   ; 10 (0)            ; 2 (0)        ; 98304       ; 0            ; 0       ; 0         ; 0    ; 0            ; |VGA|asghar:img_mem|altsyncram:altsyncram_component                                                       ; work         ;
;          |altsyncram_43c1:auto_generated| ; 10 (0)            ; 2 (2)        ; 98304       ; 0            ; 0       ; 0         ; 0    ; 0            ; |VGA|asghar:img_mem|altsyncram:altsyncram_component|altsyncram_43c1:auto_generated                        ; work         ;
;             |decode_f8a:rden_decode|      ; 4 (4)             ; 0 (0)        ; 0           ; 0            ; 0       ; 0         ; 0    ; 0            ; |VGA|asghar:img_mem|altsyncram:altsyncram_component|altsyncram_43c1:auto_generated|decode_f8a:rden_decode ; work         ;
;             |mux_1nb:mux2|                ; 6 (6)             ; 0 (0)        ; 0           ; 0            ; 0       ; 0         ; 0    ; 0            ; |VGA|asghar:img_mem|altsyncram:altsyncram_component|altsyncram_43c1:auto_generated|mux_1nb:mux2           ; work         ;
;    |font_rom:comb_4|                      ; 0 (0)             ; 9 (9)        ; 0           ; 0            ; 0       ; 0         ; 0    ; 0            ; |VGA|font_rom:comb_4                                                                                      ; work         ;
+-------------------------------------------+-------------------+--------------+-------------+--------------+---------+-----------+------+--------------+-----------------------------------------------------------------------------------------------------------+--------------+
Note: For table entries with two numbers listed, the numbers in parentheses indicate the number of resources of the given type used by the specific entity alone. The numbers listed outside of parentheses indicate the total resources of the given type used by the specific entity and all of its sub-entities in the hierarchy.


+------------------------------------------------------------------------------------------------------------------------------------------------------------------------------------------+
; Analysis & Synthesis RAM Summary                                                                                                                                                         ;
+------------------------------------------------------------------------------------------+------+------+--------------+--------------+--------------+--------------+-------+-------------+
; Name                                                                                     ; Type ; Mode ; Port A Depth ; Port A Width ; Port B Depth ; Port B Width ; Size  ; MIF         ;
+------------------------------------------------------------------------------------------+------+------+--------------+--------------+--------------+--------------+-------+-------------+
; asghar:img_mem|altsyncram:altsyncram_component|altsyncram_43c1:auto_generated|ALTSYNCRAM ; M9K  ; ROM  ; 32768        ; 3            ; --           ; --           ; 98304 ; picture.mif ;
+------------------------------------------------------------------------------------------+------+------+--------------+--------------+--------------+--------------+-------+-------------+


+--------------------------------------------------------------------------------------------------------------------------------------+
; Analysis & Synthesis IP Cores Summary                                                                                                ;
+--------+--------------+---------+--------------+--------------+---------------------+------------------------------------------------+
; Vendor ; IP Core Name ; Version ; Release Date ; License Type ; Entity Instance     ; IP Include File                                ;
+--------+--------------+---------+--------------+--------------+---------------------+------------------------------------------------+
; Altera ; ROM: 1-PORT  ; 13.0    ; N/A          ; N/A          ; |VGA|asghar:img_mem ; D:/7th Term/DLD Lab/Experiment 4/lab4/asghar.v ;
+--------+--------------+---------+--------------+--------------+---------------------+------------------------------------------------+


+----------------------------------------------------------------------------------+
; Registers Removed During Synthesis                                               ;
+---------------------------------------+------------------------------------------+
; Register name                         ; Reason for Removal                       ;
+---------------------------------------+------------------------------------------+
; font_rom:comb_4|addr_reg[5,6]         ; Merged with font_rom:comb_4|addr_reg[10] ;
; Total Number of Removed Registers = 2 ;                                          ;
+---------------------------------------+------------------------------------------+


+------------------------------------------------------+
; General Register Statistics                          ;
+----------------------------------------------+-------+
; Statistic                                    ; Value ;
+----------------------------------------------+-------+
; Total registers                              ; 32    ;
; Number of registers using Synchronous Clear  ; 0     ;
; Number of registers using Synchronous Load   ; 0     ;
; Number of registers using Asynchronous Clear ; 21    ;
; Number of registers using Asynchronous Load  ; 0     ;
; Number of registers using Clock Enable       ; 0     ;
; Number of registers using Preset             ; 0     ;
+----------------------------------------------+-------+


+--------------------------------------------------+
; Inverted Register Statistics                     ;
+----------------------------------------+---------+
; Inverted Register                      ; Fan out ;
+----------------------------------------+---------+
; VGA_CTRL:ins1|clkp                     ; 21      ;
; Total number of inverted registers = 1 ;         ;
+----------------------------------------+---------+


+------------------------------------------------------------------------------------------------------------------------------------------+
; Multiplexer Restructuring Statistics (Restructuring Performed)                                                                           ;
+--------------------+-----------+---------------+----------------------+------------------------+------------+----------------------------+
; Multiplexer Inputs ; Bus Width ; Baseline Area ; Area if Restructured ; Saving if Restructured ; Registered ; Example Multiplexer Output ;
+--------------------+-----------+---------------+----------------------+------------------------+------------+----------------------------+
; 3:1                ; 10 bits   ; 20 LEs        ; 10 LEs               ; 10 LEs                 ; Yes        ; |VGA|VGA_CTRL:ins1|y[9]    ;
; 8:1                ; 3 bits    ; 15 LEs        ; 12 LEs               ; 3 LEs                  ; No         ; |VGA|VGA_CTRL:ins1|R_out   ;
+--------------------+-----------+---------------+----------------------+------------------------+------------+----------------------------+


+------------------------------------------------------------------------------------------------------+
; Source assignments for asghar:img_mem|altsyncram:altsyncram_component|altsyncram_43c1:auto_generated ;
+---------------------------------+--------------------+------+----------------------------------------+
; Assignment                      ; Value              ; From ; To                                     ;
+---------------------------------+--------------------+------+----------------------------------------+
; OPTIMIZE_POWER_DURING_SYNTHESIS ; NORMAL_COMPILATION ; -    ; -                                      ;
+---------------------------------+--------------------+------+----------------------------------------+


+---------------------------------------------------------------------------------------------+
; Parameter Settings for User Entity Instance: asghar:img_mem|altsyncram:altsyncram_component ;
+------------------------------------+----------------------+---------------------------------+
; Parameter Name                     ; Value                ; Type                            ;
+------------------------------------+----------------------+---------------------------------+
; BYTE_SIZE_BLOCK                    ; 8                    ; Untyped                         ;
; AUTO_CARRY_CHAINS                  ; ON                   ; AUTO_CARRY                      ;
; IGNORE_CARRY_BUFFERS               ; OFF                  ; IGNORE_CARRY                    ;
; AUTO_CASCADE_CHAINS                ; ON                   ; AUTO_CASCADE                    ;
; IGNORE_CASCADE_BUFFERS             ; OFF                  ; IGNORE_CASCADE                  ;
; WIDTH_BYTEENA                      ; 1                    ; Untyped                         ;
; OPERATION_MODE                     ; ROM                  ; Untyped                         ;
; WIDTH_A                            ; 3                    ; Signed Integer                  ;
; WIDTHAD_A                          ; 15                   ; Signed Integer                  ;
; NUMWORDS_A                         ; 32768                ; Signed Integer                  ;
; OUTDATA_REG_A                      ; UNREGISTERED         ; Untyped                         ;
; ADDRESS_ACLR_A                     ; NONE                 ; Untyped                         ;
; OUTDATA_ACLR_A                     ; NONE                 ; Untyped                         ;
; WRCONTROL_ACLR_A                   ; NONE                 ; Untyped                         ;
; INDATA_ACLR_A                      ; NONE                 ; Untyped                         ;
; BYTEENA_ACLR_A                     ; NONE                 ; Untyped                         ;
; WIDTH_B                            ; 1                    ; Untyped                         ;
; WIDTHAD_B                          ; 1                    ; Untyped                         ;
; NUMWORDS_B                         ; 1                    ; Untyped                         ;
; INDATA_REG_B                       ; CLOCK1               ; Untyped                         ;
; WRCONTROL_WRADDRESS_REG_B          ; CLOCK1               ; Untyped                         ;
; RDCONTROL_REG_B                    ; CLOCK1               ; Untyped                         ;
; ADDRESS_REG_B                      ; CLOCK1               ; Untyped                         ;
; OUTDATA_REG_B                      ; UNREGISTERED         ; Untyped                         ;
; BYTEENA_REG_B                      ; CLOCK1               ; Untyped                         ;
; INDATA_ACLR_B                      ; NONE                 ; Untyped                         ;
; WRCONTROL_ACLR_B                   ; NONE                 ; Untyped                         ;
; ADDRESS_ACLR_B                     ; NONE                 ; Untyped                         ;
; OUTDATA_ACLR_B                     ; NONE                 ; Untyped                         ;
; RDCONTROL_ACLR_B                   ; NONE                 ; Untyped                         ;
; BYTEENA_ACLR_B                     ; NONE                 ; Untyped                         ;
; WIDTH_BYTEENA_A                    ; 1                    ; Signed Integer                  ;
; WIDTH_BYTEENA_B                    ; 1                    ; Untyped                         ;
; RAM_BLOCK_TYPE                     ; M9K                  ; Untyped                         ;
; BYTE_SIZE                          ; 8                    ; Untyped                         ;
; READ_DURING_WRITE_MODE_MIXED_PORTS ; DONT_CARE            ; Untyped                         ;
; READ_DURING_WRITE_MODE_PORT_A      ; NEW_DATA_NO_NBE_READ ; Untyped                         ;
; READ_DURING_WRITE_MODE_PORT_B      ; NEW_DATA_NO_NBE_READ ; Untyped                         ;
; INIT_FILE                          ; picture.mif          ; Untyped                         ;
; INIT_FILE_LAYOUT                   ; PORT_A               ; Untyped                         ;
; MAXIMUM_DEPTH                      ; 0                    ; Untyped                         ;
; CLOCK_ENABLE_INPUT_A               ; BYPASS               ; Untyped                         ;
; CLOCK_ENABLE_INPUT_B               ; NORMAL               ; Untyped                         ;
; CLOCK_ENABLE_OUTPUT_A              ; BYPASS               ; Untyped                         ;
; CLOCK_ENABLE_OUTPUT_B              ; NORMAL               ; Untyped                         ;
; CLOCK_ENABLE_CORE_A                ; USE_INPUT_CLKEN      ; Untyped                         ;
; CLOCK_ENABLE_CORE_B                ; USE_INPUT_CLKEN      ; Untyped                         ;
; ENABLE_ECC                         ; FALSE                ; Untyped                         ;
; ECC_PIPELINE_STAGE_ENABLED         ; FALSE                ; Untyped                         ;
; WIDTH_ECCSTATUS                    ; 3                    ; Untyped                         ;
; DEVICE_FAMILY                      ; Cyclone IV E         ; Untyped                         ;
; CBXI_PARAMETER                     ; altsyncram_43c1      ; Untyped                         ;
+------------------------------------+----------------------+---------------------------------+
Note: In order to hide this table in the UI and the text report file, please set the "Show Parameter Settings in Synthesis Report" option in "Analysis and Synthesis Settings -> More Settings" to "Off".


+-----------------------------------------------------------+
; Parameter Settings for User Entity Instance: RGB_GEN:rgen ;
+----------------+-------+----------------------------------+
; Parameter Name ; Value ; Type                             ;
+----------------+-------+----------------------------------+
; pic_x          ; 240   ; Signed Integer                   ;
; pic_y          ; 180   ; Signed Integer                   ;
; text_x         ; 100   ; Signed Integer                   ;
; text_y         ; 400   ; Signed Integer                   ;
+----------------+-------+----------------------------------+
Note: In order to hide this table in the UI and the text report file, please set the "Show Parameter Settings in Synthesis Report" option in "Analysis and Synthesis Settings -> More Settings" to "Off".


+--------------------------------------------------------------------------------------------+
; altsyncram Parameter Settings by Entity Instance                                           ;
+-------------------------------------------+------------------------------------------------+
; Name                                      ; Value                                          ;
+-------------------------------------------+------------------------------------------------+
; Number of entity instances                ; 1                                              ;
; Entity Instance                           ; asghar:img_mem|altsyncram:altsyncram_component ;
;     -- OPERATION_MODE                     ; ROM                                            ;
;     -- WIDTH_A                            ; 3                                              ;
;     -- NUMWORDS_A                         ; 32768                                          ;
;     -- OUTDATA_REG_A                      ; UNREGISTERED                                   ;
;     -- WIDTH_B                            ; 1                                              ;
;     -- NUMWORDS_B                         ; 1                                              ;
;     -- ADDRESS_REG_B                      ; CLOCK1                                         ;
;     -- OUTDATA_REG_B                      ; UNREGISTERED                                   ;
;     -- RAM_BLOCK_TYPE                     ; M9K                                            ;
;     -- READ_DURING_WRITE_MODE_MIXED_PORTS ; DONT_CARE                                      ;
+-------------------------------------------+------------------------------------------------+


+-------------------------------+
; Elapsed Time Per Partition    ;
+----------------+--------------+
; Partition Name ; Elapsed Time ;
+----------------+--------------+
; Top            ; 00:00:06     ;
+----------------+--------------+


+-------------------------------+
; Analysis & Synthesis Messages ;
+-------------------------------+
Info: *******************************************************************
Info: Running Quartus II 64-Bit Analysis & Synthesis
    Info: Version 13.0.1 Build 232 06/12/2013 Service Pack 1 SJ Web Edition
    Info: Processing started: Fri Dec 06 16:26:35 2013
Info: Command: quartus_map --read_settings_files=on --write_settings_files=off VGA -c VGA
Info (11104): Parallel Compilation has detected 4 hyper-threaded processors. However, the extra hyper-threaded processors will not be used by default. Parallel Compilation will use 2 of the 2 physical processors detected instead.
Info (12021): Found 2 design units, including 1 entities, in source file font_rom.vhd
    Info (12022): Found design unit 1: font_rom-arch
    Info (12023): Found entity 1: font_rom
Info (12021): Found 1 design units, including 1 entities, in source file vga.v
    Info (12023): Found entity 1: VGA
Info (12021): Found 1 design units, including 1 entities, in source file vga controller.v
    Info (12023): Found entity 1: VGA_CTRL
Info (12021): Found 1 design units, including 1 entities, in source file rgb_gen.v
    Info (12023): Found entity 1: RGB_GEN
Info (12021): Found 1 design units, including 1 entities, in source file asghar.v
    Info (12023): Found entity 1: asghar
Critical Warning (10846): Verilog HDL Instantiation warning at VGA.v(21): instance has no name
Info (12127): Elaborating entity "VGA" for the top level hierarchy
Info (12128): Elaborating entity "asghar" for hierarchy "asghar:img_mem"
Info (12128): Elaborating entity "altsyncram" for hierarchy "asghar:img_mem|altsyncram:altsyncram_component"
Info (12130): Elaborated megafunction instantiation "asghar:img_mem|altsyncram:altsyncram_component"
Info (12133): Instantiated megafunction "asghar:img_mem|altsyncram:altsyncram_component" with the following parameter:
    Info (12134): Parameter "address_aclr_a" = "NONE"
    Info (12134): Parameter "clock_enable_input_a" = "BYPASS"
    Info (12134): Parameter "clock_enable_output_a" = "BYPASS"
    Info (12134): Parameter "init_file" = "picture.mif"
    Info (12134): Parameter "intended_device_family" = "Cyclone IV E"
    Info (12134): Parameter "lpm_hint" = "ENABLE_RUNTIME_MOD=NO"
    Info (12134): Parameter "lpm_type" = "altsyncram"
    Info (12134): Parameter "numwords_a" = "32768"
    Info (12134): Parameter "operation_mode" = "ROM"
    Info (12134): Parameter "outdata_aclr_a" = "NONE"
    Info (12134): Parameter "outdata_reg_a" = "UNREGISTERED"
    Info (12134): Parameter "ram_block_type" = "M9K"
    Info (12134): Parameter "widthad_a" = "15"
    Info (12134): Parameter "width_a" = "3"
    Info (12134): Parameter "width_byteena_a" = "1"
Info (12021): Found 1 design units, including 1 entities, in source file db/altsyncram_43c1.tdf
    Info (12023): Found entity 1: altsyncram_43c1
Info (12128): Elaborating entity "altsyncram_43c1" for hierarchy "asghar:img_mem|altsyncram:altsyncram_component|altsyncram_43c1:auto_generated"
Info (12021): Found 1 design units, including 1 entities, in source file db/decode_f8a.tdf
    Info (12023): Found entity 1: decode_f8a
Info (12128): Elaborating entity "decode_f8a" for hierarchy "asghar:img_mem|altsyncram:altsyncram_component|altsyncram_43c1:auto_generated|decode_f8a:rden_decode"
Info (12021): Found 1 design units, including 1 entities, in source file db/mux_1nb.tdf
    Info (12023): Found entity 1: mux_1nb
Info (12128): Elaborating entity "mux_1nb" for hierarchy "asghar:img_mem|altsyncram:altsyncram_component|altsyncram_43c1:auto_generated|mux_1nb:mux2"
Info (12128): Elaborating entity "font_rom" for hierarchy "font_rom:comb_4"
Info (12128): Elaborating entity "RGB_GEN" for hierarchy "RGB_GEN:rgen"
Warning (10230): Verilog HDL assignment warning at RGB_GEN.v(29): truncated value with size 32 to match size of target (3)
Warning (10230): Verilog HDL assignment warning at RGB_GEN.v(30): truncated value with size 32 to match size of target (4)
Warning (10230): Verilog HDL assignment warning at RGB_GEN.v(32): truncated value with size 32 to match size of target (8)
Warning (10230): Verilog HDL assignment warning at RGB_GEN.v(33): truncated value with size 32 to match size of target (8)
Warning (10230): Verilog HDL assignment warning at RGB_GEN.v(34): truncated value with size 32 to match size of target (15)
Warning (10270): Verilog HDL Case Statement warning at RGB_GEN.v(40): incomplete case statement has no default case item
Info (10264): Verilog HDL Case Statement information at RGB_GEN.v(40): all case item expressions in this case statement are onehot
Info (12128): Elaborating entity "VGA_CTRL" for hierarchy "VGA_CTRL:ins1"
Warning (10230): Verilog HDL assignment warning at VGA controller.v(13): truncated value with size 32 to match size of target (1)
Warning (10230): Verilog HDL assignment warning at VGA controller.v(14): truncated value with size 32 to match size of target (1)
Warning (10230): Verilog HDL assignment warning at VGA controller.v(15): truncated value with size 32 to match size of target (1)
Warning (10230): Verilog HDL assignment warning at VGA controller.v(23): truncated value with size 32 to match size of target (10)
Warning (10230): Verilog HDL assignment warning at VGA controller.v(30): truncated value with size 32 to match size of target (10)
Info (13000): Registers with preset signals will power-up high
Info (13003): DEV_CLRn pin will set, and not reset, register with preset signal due to NOT Gate Push-Back
Info (286030): Timing-Driven Synthesis is running
Info (16010): Generating hard_block partition "hard_block:auto_generated_inst"
    Info (16011): Adding 0 node(s), including 0 DDIO, 0 PLL, 0 transceiver and 0 LCELL
Warning (21074): Design contains 7 input pin(s) that do not drive logic
    Warning (15610): No output dependent on input pin "SW0[0]"
    Warning (15610): No output dependent on input pin "SW0[1]"
    Warning (15610): No output dependent on input pin "SW0[2]"
    Warning (15610): No output dependent on input pin "SW0[3]"
    Warning (15610): No output dependent on input pin "SW0[4]"
    Warning (15610): No output dependent on input pin "SW0[5]"
    Warning (15610): No output dependent on input pin "SW0[6]"
Info (21057): Implemented 446 device resources after synthesis - the final resource count might be different
    Info (21058): Implemented 9 input pins
    Info (21059): Implemented 5 output pins
    Info (21061): Implemented 420 logic cells
    Info (21064): Implemented 12 RAM segments
Info: Quartus II 64-Bit Analysis & Synthesis was successful. 0 errors, 20 warnings
    Info: Peak virtual memory: 513 megabytes
    Info: Processing ended: Fri Dec 06 16:26:46 2013
    Info: Elapsed time: 00:00:11
    Info: Total CPU time (on all processors): 00:00:07


