Analysis & Synthesis report for oscill_sim
Mon Dec 23 04:51:37 2013
Quartus II 64-Bit Version 13.0.1 Build 232 06/12/2013 Service Pack 1 SJ Web Edition


---------------------
; Table of Contents ;
---------------------
  1. Legal Notice
  2. Analysis & Synthesis Summary
  3. Analysis & Synthesis Settings
  4. Parallel Compilation
  5. Analysis & Synthesis Source Files Read
  6. Analysis & Synthesis Resource Usage Summary
  7. Analysis & Synthesis Resource Utilization by Entity
  8. State Machine - |testcases|wr_adr_gen:i6|ctrl:cu|ps
  9. General Register Statistics
 10. Multiplexer Restructuring Statistics (Restructuring Performed)
 11. Parameter Settings for User Entity Instance: trig_ctrl:i8
 12. Port Connectivity Checks: "sampler_scaller:i7"
 13. Elapsed Time Per Partition
 14. Analysis & Synthesis Messages
 15. Analysis & Synthesis Suppressed Messages



----------------
; Legal Notice ;
----------------
Copyright (C) 1991-2013 Altera Corporation
Your use of Altera Corporation's design tools, logic functions 
and other software and tools, and its AMPP partner logic 
functions, and any output files from any of the foregoing 
(including device programming or simulation files), and any 
associated documentation or information are expressly subject 
to the terms and conditions of the Altera Program License 
Subscription Agreement, Altera MegaCore Function License 
Agreement, or other applicable license agreement, including, 
without limitation, that your use is for the sole purpose of 
programming logic devices manufactured by Altera and sold by 
Altera or its authorized distributors.  Please refer to the 
applicable agreement for further details.



+--------------------------------------------------------------------------------------+
; Analysis & Synthesis Summary                                                         ;
+------------------------------------+-------------------------------------------------+
; Analysis & Synthesis Status        ; Successful - Mon Dec 23 04:51:37 2013           ;
; Quartus II 64-Bit Version          ; 13.0.1 Build 232 06/12/2013 SP 1 SJ Web Edition ;
; Revision Name                      ; oscill_sim                                      ;
; Top-level Entity Name              ; testcases                                       ;
; Family                             ; Cyclone II                                      ;
; Total logic elements               ; 165                                             ;
;     Total combinational functions  ; 149                                             ;
;     Dedicated logic registers      ; 92                                              ;
; Total registers                    ; 92                                              ;
; Total pins                         ; 39                                              ;
; Total virtual pins                 ; 0                                               ;
; Total memory bits                  ; 0                                               ;
; Embedded Multiplier 9-bit elements ; 0                                               ;
; Total PLLs                         ; 0                                               ;
+------------------------------------+-------------------------------------------------+


+----------------------------------------------------------------------------------------------------------------------+
; Analysis & Synthesis Settings                                                                                        ;
+----------------------------------------------------------------------------+--------------------+--------------------+
; Option                                                                     ; Setting            ; Default Value      ;
+----------------------------------------------------------------------------+--------------------+--------------------+
; Top-level entity name                                                      ; testcases          ; oscill_sim         ;
; Family name                                                                ; Cyclone II         ; Cyclone IV GX      ;
; Use smart compilation                                                      ; Off                ; Off                ;
; Enable parallel Assembler and TimeQuest Timing Analyzer during compilation ; On                 ; On                 ;
; Enable compact report table                                                ; Off                ; Off                ;
; Restructure Multiplexers                                                   ; Auto               ; Auto               ;
; Create Debugging Nodes for IP Cores                                        ; Off                ; Off                ;
; Preserve fewer node names                                                  ; On                 ; On                 ;
; Disable OpenCore Plus hardware evaluation                                  ; Off                ; Off                ;
; Verilog Version                                                            ; Verilog_2001       ; Verilog_2001       ;
; VHDL Version                                                               ; VHDL_1993          ; VHDL_1993          ;
; State Machine Processing                                                   ; Auto               ; Auto               ;
; Safe State Machine                                                         ; Off                ; Off                ;
; Extract Verilog State Machines                                             ; On                 ; On                 ;
; Extract VHDL State Machines                                                ; On                 ; On                 ;
; Ignore Verilog initial constructs                                          ; Off                ; Off                ;
; Iteration limit for constant Verilog loops                                 ; 5000               ; 5000               ;
; Iteration limit for non-constant Verilog loops                             ; 250                ; 250                ;
; Add Pass-Through Logic to Inferred RAMs                                    ; On                 ; On                 ;
; Infer RAMs from Raw Logic                                                  ; On                 ; On                 ;
; Parallel Synthesis                                                         ; On                 ; On                 ;
; DSP Block Balancing                                                        ; Auto               ; Auto               ;
; NOT Gate Push-Back                                                         ; On                 ; On                 ;
; Power-Up Don't Care                                                        ; On                 ; On                 ;
; Remove Redundant Logic Cells                                               ; Off                ; Off                ;
; Remove Duplicate Registers                                                 ; On                 ; On                 ;
; Ignore CARRY Buffers                                                       ; Off                ; Off                ;
; Ignore CASCADE Buffers                                                     ; Off                ; Off                ;
; Ignore GLOBAL Buffers                                                      ; Off                ; Off                ;
; Ignore ROW GLOBAL Buffers                                                  ; Off                ; Off                ;
; Ignore LCELL Buffers                                                       ; Off                ; Off                ;
; Ignore SOFT Buffers                                                        ; On                 ; On                 ;
; Limit AHDL Integers to 32 Bits                                             ; Off                ; Off                ;
; Optimization Technique                                                     ; Balanced           ; Balanced           ;
; Carry Chain Length                                                         ; 70                 ; 70                 ;
; Auto Carry Chains                                                          ; On                 ; On                 ;
; Auto Open-Drain Pins                                                       ; On                 ; On                 ;
; Perform WYSIWYG Primitive Resynthesis                                      ; Off                ; Off                ;
; Auto ROM Replacement                                                       ; On                 ; On                 ;
; Auto RAM Replacement                                                       ; On                 ; On                 ;
; Auto Shift Register Replacement                                            ; Auto               ; Auto               ;
; Allow Shift Register Merging across Hierarchies                            ; Auto               ; Auto               ;
; Auto Clock Enable Replacement                                              ; On                 ; On                 ;
; Strict RAM Replacement                                                     ; Off                ; Off                ;
; Allow Synchronous Control Signals                                          ; On                 ; On                 ;
; Force Use of Synchronous Clear Signals                                     ; Off                ; Off                ;
; Auto RAM to Logic Cell Conversion                                          ; Off                ; Off                ;
; Auto Resource Sharing                                                      ; Off                ; Off                ;
; Allow Any RAM Size For Recognition                                         ; Off                ; Off                ;
; Allow Any ROM Size For Recognition                                         ; Off                ; Off                ;
; Allow Any Shift Register Size For Recognition                              ; Off                ; Off                ;
; Use LogicLock Constraints during Resource Balancing                        ; On                 ; On                 ;
; Ignore translate_off and synthesis_off directives                          ; Off                ; Off                ;
; Timing-Driven Synthesis                                                    ; Off                ; Off                ;
; Report Parameter Settings                                                  ; On                 ; On                 ;
; Report Source Assignments                                                  ; On                 ; On                 ;
; Report Connectivity Checks                                                 ; On                 ; On                 ;
; Ignore Maximum Fan-Out Assignments                                         ; Off                ; Off                ;
; Synchronization Register Chain Length                                      ; 2                  ; 2                  ;
; PowerPlay Power Optimization                                               ; Normal compilation ; Normal compilation ;
; HDL message level                                                          ; Level2             ; Level2             ;
; Suppress Register Optimization Related Messages                            ; Off                ; Off                ;
; Number of Removed Registers Reported in Synthesis Report                   ; 5000               ; 5000               ;
; Number of Swept Nodes Reported in Synthesis Report                         ; 5000               ; 5000               ;
; Number of Inverted Registers Reported in Synthesis Report                  ; 100                ; 100                ;
; Clock MUX Protection                                                       ; On                 ; On                 ;
; Auto Gated Clock Conversion                                                ; Off                ; Off                ;
; Block Design Naming                                                        ; Auto               ; Auto               ;
; SDC constraint protection                                                  ; Off                ; Off                ;
; Synthesis Effort                                                           ; Auto               ; Auto               ;
; Shift Register Replacement - Allow Asynchronous Clear Signal               ; On                 ; On                 ;
; Pre-Mapping Resynthesis Optimization                                       ; Off                ; Off                ;
; Analysis & Synthesis Message Level                                         ; Medium             ; Medium             ;
; Disable Register Merging Across Hierarchies                                ; Auto               ; Auto               ;
; Resource Aware Inference For Block RAM                                     ; On                 ; On                 ;
; Synthesis Seed                                                             ; 1                  ; 1                  ;
+----------------------------------------------------------------------------+--------------------+--------------------+


+------------------------------------------+
; Parallel Compilation                     ;
+----------------------------+-------------+
; Processors                 ; Number      ;
+----------------------------+-------------+
; Number detected on machine ; 4           ;
; Maximum allowed            ; 2           ;
;                            ;             ;
; Average used               ; 1.00        ;
; Maximum used               ; 1           ;
;                            ;             ;
; Usage by Processor         ; % Time Used ;
;     Processor 1            ; 100.0%      ;
;     Processors 2-4         ;   0.0%      ;
+----------------------------+-------------+


+--------------------------------------------------------------------------------------------------------------------------------------------------------+
; Analysis & Synthesis Source Files Read                                                                                                                 ;
+----------------------------------+-----------------+------------------------+----------------------------------------------------------------+---------+
; File Name with User-Entered Path ; Used in Netlist ; File Type              ; File Name with Absolute Path                                   ; Library ;
+----------------------------------+-----------------+------------------------+----------------------------------------------------------------+---------+
; Trigger_Controller.v             ; yes             ; User Verilog HDL File  ; D:/7th Term/DLD Lab/Experiment 5/OURS/Sim/Trigger_Controller.v ;         ;
; Time_Division.v                  ; yes             ; User Verilog HDL File  ; D:/7th Term/DLD Lab/Experiment 5/OURS/Sim/Time_Division.v      ;         ;
; scaler.v                         ; yes             ; User Verilog HDL File  ; D:/7th Term/DLD Lab/Experiment 5/OURS/Sim/scaler.v             ;         ;
; Sampler_Scaler.v                 ; yes             ; User Verilog HDL File  ; D:/7th Term/DLD Lab/Experiment 5/OURS/Sim/Sampler_Scaler.v     ;         ;
; ctrl.v                           ; yes             ; User Verilog HDL File  ; D:/7th Term/DLD Lab/Experiment 5/OURS/Sim/ctrl.v               ;         ;
; adr_gen.v                        ; yes             ; User Verilog HDL File  ; D:/7th Term/DLD Lab/Experiment 5/OURS/Sim/adr_gen.v            ;         ;
; testcases.v                      ; yes             ; User Verilog HDL File  ; D:/7th Term/DLD Lab/Experiment 5/OURS/Sim/testcases.v          ;         ;
+----------------------------------+-----------------+------------------------+----------------------------------------------------------------+---------+


+-----------------------------------------------------+
; Analysis & Synthesis Resource Usage Summary         ;
+---------------------------------------------+-------+
; Resource                                    ; Usage ;
+---------------------------------------------+-------+
; Estimated Total logic elements              ; 165   ;
;                                             ;       ;
; Total combinational functions               ; 149   ;
; Logic element usage by number of LUT inputs ;       ;
;     -- 4 input functions                    ; 36    ;
;     -- 3 input functions                    ; 34    ;
;     -- <=2 input functions                  ; 79    ;
;                                             ;       ;
; Logic elements by mode                      ;       ;
;     -- normal mode                          ; 55    ;
;     -- arithmetic mode                      ; 94    ;
;                                             ;       ;
; Total registers                             ; 92    ;
;     -- Dedicated logic registers            ; 92    ;
;     -- I/O registers                        ; 0     ;
;                                             ;       ;
; I/O pins                                    ; 39    ;
; Embedded Multiplier 9-bit elements          ; 0     ;
; Maximum fan-out node                        ; clk   ;
; Maximum fan-out                             ; 79    ;
; Total fan-out                               ; 691   ;
; Average fan-out                             ; 2.47  ;
+---------------------------------------------+-------+


+------------------------------------------------------------------------------------------------------------------------------------------------------------------------------------------+
; Analysis & Synthesis Resource Utilization by Entity                                                                                                                                      ;
+----------------------------+-------------------+--------------+-------------+--------------+---------+-----------+------+--------------+----------------------------------+--------------+
; Compilation Hierarchy Node ; LC Combinationals ; LC Registers ; Memory Bits ; DSP Elements ; DSP 9x9 ; DSP 18x18 ; Pins ; Virtual Pins ; Full Hierarchy Name              ; Library Name ;
+----------------------------+-------------------+--------------+-------------+--------------+---------+-----------+------+--------------+----------------------------------+--------------+
; |testcases                 ; 149 (0)           ; 92 (0)       ; 0           ; 0            ; 0       ; 0         ; 39   ; 0            ; |testcases                       ; work         ;
;    |time_division:i5|      ; 58 (58)           ; 42 (42)      ; 0           ; 0            ; 0       ; 0         ; 0    ; 0            ; |testcases|time_division:i5      ; work         ;
;    |trig_ctrl:i8|          ; 65 (65)           ; 37 (37)      ; 0           ; 0            ; 0       ; 0         ; 0    ; 0            ; |testcases|trig_ctrl:i8          ; work         ;
;    |wr_adr_gen:i6|         ; 26 (23)           ; 13 (10)      ; 0           ; 0            ; 0       ; 0         ; 0    ; 0            ; |testcases|wr_adr_gen:i6         ; work         ;
;       |ctrl:cu|            ; 3 (3)             ; 3 (3)        ; 0           ; 0            ; 0       ; 0         ; 0    ; 0            ; |testcases|wr_adr_gen:i6|ctrl:cu ; work         ;
+----------------------------+-------------------+--------------+-------------+--------------+---------+-----------+------+--------------+----------------------------------+--------------+
Note: For table entries with two numbers listed, the numbers in parentheses indicate the number of resources of the given type used by the specific entity alone. The numbers listed outside of parentheses indicate the total resources of the given type used by the specific entity and all of its sub-entities in the hierarchy.


Encoding Type:  One-Hot
+-----------------------------------------------------+
; State Machine - |testcases|wr_adr_gen:i6|ctrl:cu|ps ;
+-------+-------+-------+-----------------------------+
; Name  ; ps.00 ; ps.10 ; ps.01                       ;
+-------+-------+-------+-----------------------------+
; ps.00 ; 0     ; 0     ; 0                           ;
; ps.01 ; 1     ; 0     ; 1                           ;
; ps.10 ; 1     ; 1     ; 0                           ;
+-------+-------+-------+-----------------------------+


+------------------------------------------------------+
; General Register Statistics                          ;
+----------------------------------------------+-------+
; Statistic                                    ; Value ;
+----------------------------------------------+-------+
; Total registers                              ; 92    ;
; Number of registers using Synchronous Clear  ; 60    ;
; Number of registers using Synchronous Load   ; 2     ;
; Number of registers using Asynchronous Clear ; 30    ;
; Number of registers using Asynchronous Load  ; 0     ;
; Number of registers using Clock Enable       ; 0     ;
; Number of registers using Preset             ; 0     ;
+----------------------------------------------+-------+


+-------------------------------------------------------------------------------------------------------------------------------------------------+
; Multiplexer Restructuring Statistics (Restructuring Performed)                                                                                  ;
+--------------------+-----------+---------------+----------------------+------------------------+------------+-----------------------------------+
; Multiplexer Inputs ; Bus Width ; Baseline Area ; Area if Restructured ; Saving if Restructured ; Registered ; Example Multiplexer Output        ;
+--------------------+-----------+---------------+----------------------+------------------------+------------+-----------------------------------+
; 3:1                ; 10 bits   ; 20 LEs        ; 10 LEs               ; 10 LEs                 ; Yes        ; |testcases|wr_adr_gen:i6|count[9] ;
+--------------------+-----------+---------------+----------------------+------------------------+------------+-----------------------------------+


+-----------------------------------------------------------+
; Parameter Settings for User Entity Instance: trig_ctrl:i8 ;
+----------------+-------+----------------------------------+
; Parameter Name ; Value ; Type                             ;
+----------------+-------+----------------------------------+
; auto_top       ; 15    ; Signed Integer                   ;
+----------------+-------+----------------------------------+
Note: In order to hide this table in the UI and the text report file, please set the "Show Parameter Settings in Synthesis Report" option in "Analysis and Synthesis Settings -> More Settings" to "Off".


+--------------------------------------------------------------------------------------------------------------------------------------------------------+
; Port Connectivity Checks: "sampler_scaller:i7"                                                                                                         ;
+--------+--------+----------+---------------------------------------------------------------------------------------------------------------------------+
; Port   ; Type   ; Severity ; Details                                                                                                                   ;
+--------+--------+----------+---------------------------------------------------------------------------------------------------------------------------+
; out_ss ; Output ; Warning  ; Output or bidir port (8 bits) is wider than the port expression (1 bits) it drives; bit(s) "out_ss[7..1]" have no fanouts ;
; out_ss ; Output ; Info     ; Connected to dangling logic. Logic that only feeds a dangling port will be removed.                                       ;
+--------+--------+----------+---------------------------------------------------------------------------------------------------------------------------+


+-------------------------------+
; Elapsed Time Per Partition    ;
+----------------+--------------+
; Partition Name ; Elapsed Time ;
+----------------+--------------+
; Top            ; 00:00:00     ;
+----------------+--------------+


+-------------------------------+
; Analysis & Synthesis Messages ;
+-------------------------------+
Info: *******************************************************************
Info: Running Quartus II 64-Bit Analysis & Synthesis
    Info: Version 13.0.1 Build 232 06/12/2013 Service Pack 1 SJ Web Edition
    Info: Processing started: Mon Dec 23 04:51:35 2013
Info: Command: quartus_map --read_settings_files=on --write_settings_files=off oscill_sim -c oscill_sim
Info (11104): Parallel Compilation has detected 4 hyper-threaded processors. However, the extra hyper-threaded processors will not be used by default. Parallel Compilation will use 2 of the 2 physical processors detected instead.
Info (12021): Found 1 design units, including 1 entities, in source file vga controller.v
    Info (12023): Found entity 1: VGA_CTRL
Info (12021): Found 1 design units, including 1 entities, in source file trigger_controller.v
    Info (12023): Found entity 1: trig_ctrl
Info (12021): Found 1 design units, including 1 entities, in source file time_division.v
    Info (12023): Found entity 1: time_division
Info (12021): Found 1 design units, including 1 entities, in source file storage_mem.v
    Info (12023): Found entity 1: storage_mem
Info (12021): Found 1 design units, including 1 entities, in source file scaler.v
    Info (12023): Found entity 1: scaler
Info (12021): Found 1 design units, including 1 entities, in source file sampler_scaler.v
    Info (12023): Found entity 1: sampler_scaller
Info (12021): Found 1 design units, including 1 entities, in source file rgb_gen.v
    Info (12023): Found entity 1: rgb_gen
Info (12021): Found 1 design units, including 1 entities, in source file oscilloscope.v
    Info (12023): Found entity 1: oscilloscope
Info (12021): Found 1 design units, including 1 entities, in source file oscill_sim.v
    Info (12023): Found entity 1: oscill_sim
Info (12021): Found 1 design units, including 1 entities, in source file grid.v
    Info (12023): Found entity 1: grid
Info (12021): Found 1 design units, including 1 entities, in source file final_module.v
    Info (12023): Found entity 1: final_module
Info (12021): Found 1 design units, including 1 entities, in source file digfuncgen.v
    Info (12023): Found entity 1: DigFuncGen
Info (12021): Found 1 design units, including 1 entities, in source file ctrl.v
    Info (12023): Found entity 1: ctrl
Info (12021): Found 1 design units, including 1 entities, in source file adr_gen.v
    Info (12023): Found entity 1: wr_adr_gen
Info (12021): Found 1 design units, including 1 entities, in source file testcases.v
    Info (12023): Found entity 1: testcases
Warning (10236): Verilog HDL Implicit Net warning at testcases.v(36): created implicit net for "out_ss"
Critical Warning (10846): Verilog HDL Instantiation warning at rgb_gen.v(8): instance has no name
Critical Warning (10846): Verilog HDL Instantiation warning at final_module.v(23): instance has no name
Info (12127): Elaborating entity "testcases" for the top level hierarchy
Info (12128): Elaborating entity "time_division" for hierarchy "time_division:i5"
Warning (10230): Verilog HDL assignment warning at Time_Division.v(11): truncated value with size 32 to match size of target (20)
Warning (10230): Verilog HDL assignment warning at Time_Division.v(17): truncated value with size 32 to match size of target (20)
Info (12128): Elaborating entity "wr_adr_gen" for hierarchy "wr_adr_gen:i6"
Warning (10230): Verilog HDL assignment warning at adr_gen.v(21): truncated value with size 32 to match size of target (10)
Info (12128): Elaborating entity "ctrl" for hierarchy "wr_adr_gen:i6|ctrl:cu"
Warning (10270): Verilog HDL Case Statement warning at ctrl.v(37): incomplete case statement has no default case item
Info (10264): Verilog HDL Case Statement information at ctrl.v(37): all case item expressions in this case statement are onehot
Info (12128): Elaborating entity "sampler_scaller" for hierarchy "sampler_scaller:i7"
Info (12128): Elaborating entity "scaler" for hierarchy "sampler_scaller:i7|scaler:i1"
Info (12128): Elaborating entity "trig_ctrl" for hierarchy "trig_ctrl:i8"
Warning (10230): Verilog HDL assignment warning at Trigger_Controller.v(38): truncated value with size 32 to match size of target (20)
Warning (12241): 1 hierarchies have connectivity warnings - see the Connectivity Checks report folder
Info (144001): Generated suppressed messages file D:/7th Term/DLD Lab/Experiment 5/OURS/Sim/oscill_sim.map.smsg
Info (16010): Generating hard_block partition "hard_block:auto_generated_inst"
    Info (16011): Adding 0 node(s), including 0 DDIO, 0 PLL, 0 transceiver and 0 LCELL
Warning (21074): Design contains 2 input pin(s) that do not drive logic
    Warning (15610): No output dependent on input pin "volt_per_div[0]"
    Warning (15610): No output dependent on input pin "volt_per_div[1]"
Info (21057): Implemented 204 device resources after synthesis - the final resource count might be different
    Info (21058): Implemented 24 input pins
    Info (21059): Implemented 15 output pins
    Info (21061): Implemented 165 logic cells
Info: Quartus II 64-Bit Analysis & Synthesis was successful. 0 errors, 12 warnings
    Info: Peak virtual memory: 462 megabytes
    Info: Processing ended: Mon Dec 23 04:51:37 2013
    Info: Elapsed time: 00:00:02
    Info: Total CPU time (on all processors): 00:00:02


+------------------------------------------+
; Analysis & Synthesis Suppressed Messages ;
+------------------------------------------+
The suppressed messages can be found in D:/7th Term/DLD Lab/Experiment 5/OURS/Sim/oscill_sim.map.smsg.


